Build started 30.08.2015 7:07:20.
     1>Project "C:\vcnet_proj\skysearch2\skysearch2\skysearch2.vcxproj" on node 2 (build target(s)).
     1>InitializeBuildStatus:
         Creating "Debug\skysearch2.unsuccessfulbuild" because "AlwaysCreate" was specified.
       ClCompile:
         c:\Program Files (x86)\Microsoft Visual Studio 10.0\VC\bin\CL.exe /c /ZI /nologo /W3 /WX- /Od /Oy- /D WIN32 /D _DEBUG /D _CONSOLE /D _UNICODE /D UNICODE /Gm /EHsc /RTC1 /MDd /GS /fp:precise /Zc:wchar_t /Zc:forScope /Fo"Debug\\" /Fd"Debug\vc100.pdb" /Gd /TC /analyze- /errorReport:prompt skysearch2.c
         skysearch2.c
     1>c:\vcnet_proj\skysearch2\skysearch2\skysearch2.c(144): warning C4013: 'get_00_01_blob' undefined; assuming extern returning int
     1>c:\vcnet_proj\skysearch2\skysearch2\skysearch2.c(162): warning C4013: 'get_profiles2' undefined; assuming extern returning int
     1>c:\vcnet_proj\skysearch2\skysearch2\skysearch2.c(183): warning C4018: '<' : signed/unsigned mismatch
     1>c:\vcnet_proj\skysearch2\skysearch2\skysearch2.c(225): warning C4244: 'function' : conversion from 'time_t' to 'unsigned int', possible loss of data
     1>c:\vcnet_proj\skysearch2\skysearch2\skysearch2.c(232): warning C4996: 'strdup': The POSIX name for this item is deprecated. Instead, use the ISO C++ conformant name: _strdup. See online help for details.
                 c:\program files (x86)\microsoft visual studio 10.0\vc\include\string.h(238) : see declaration of 'strdup'
     1>c:\vcnet_proj\skysearch2\skysearch2\skysearch2.c(235): warning C4018: '<' : signed/unsigned mismatch
     1>c:\vcnet_proj\skysearch2\skysearch2\skysearch2.c(245): warning C4013: 'main_get_slotinfo' undefined; assuming extern returning int
     1>c:\vcnet_proj\skysearch2\skysearch2\skysearch2.c(257): warning C4013: 'init_vcard_array' undefined; assuming extern returning int
     1>c:\vcnet_proj\skysearch2\skysearch2\skysearch2.c(259): warning C4013: 'load_slots_file' undefined; assuming extern returning int
     1>c:\vcnet_proj\skysearch2\skysearch2\skysearch2.c(260): warning C4018: '<' : signed/unsigned mismatch
     1>c:\vcnet_proj\skysearch2\skysearch2\skysearch2.c(266): warning C4013: 'save_vcards_tofile' undefined; assuming extern returning int
     1>c:\vcnet_proj\skysearch2\skysearch2\skysearch2.c(214): warning C4101: 'destip' : unreferenced local variable
     1>c:\vcnet_proj\skysearch2\skysearch2\skysearch2.c(215): warning C4101: 'destport' : unreferenced local variable
     1>c:\vcnet_proj\skysearch2\skysearch2\skysearch2.c(218): warning C4101: 'our_public_ip' : unreferenced local variable
     1>c:\vcnet_proj\skysearch2\skysearch2\skysearch2.c(220): warning C4101: 'ret' : unreferenced local variable
     1>c:\vcnet_proj\skysearch2\skysearch2\skysearch2.c(280): warning C4244: 'function' : conversion from 'time_t' to 'unsigned int', possible loss of data
     1>c:\vcnet_proj\skysearch2\skysearch2\skysearch2.c(283): warning C4996: 'strdup': The POSIX name for this item is deprecated. Instead, use the ISO C++ conformant name: _strdup. See online help for details.
                 c:\program files (x86)\microsoft visual studio 10.0\vc\include\string.h(238) : see declaration of 'strdup'
     1>c:\vcnet_proj\skysearch2\skysearch2\skysearch2.c(299): warning C4013: 'make_tcp_client_sess1_pkt0_handshake1' undefined; assuming extern returning int
     1>c:\vcnet_proj\skysearch2\skysearch2\skysearch2.c(300): warning C4013: 'make_tcp_client_sess1_pkt1' undefined; assuming extern returning int
     1>c:\vcnet_proj\skysearch2\skysearch2\skysearch2.c(302): warning C4013: 'make_tcp_client_sess1_pkt3' undefined; assuming extern returning int
       ManifestResourceCompile:
         All outputs are up-to-date.
       Link:
         c:\Program Files (x86)\Microsoft Visual Studio 10.0\VC\bin\link.exe /ERRORREPORT:PROMPT /OUT:"C:\vcnet_proj\skysearch2\Debug\skysearch2.exe" /INCREMENTAL /NOLOGO kernel32.lib user32.lib gdi32.lib winspool.lib comdlg32.lib advapi32.lib shell32.lib ole32.lib oleaut32.lib uuid.lib odbc32.lib odbccp32.lib /MANIFEST /ManifestFile:"Debug\skysearch2.exe.intermediate.manifest" /MANIFESTUAC:"level='asInvoker' uiAccess='false'" /DEBUG /PDB:"C:\vcnet_proj\skysearch2\Debug\skysearch2.pdb" /SUBSYSTEM:CONSOLE /TLBID:1 /DYNAMICBASE /NXCOMPAT /IMPLIB:"C:\vcnet_proj\skysearch2\Debug\skysearch2.lib" /MACHINE:X86 Debug\skysearch2.exe.embed.manifest.res
         Debug\blob_snode1.obj
         Debug\md5.obj
         Debug\rijndael.obj
         Debug\sha1.obj
         Debug\decode_profile.obj
         Debug\decode_profile2.obj
         Debug\dh_384.obj
         Debug\get_blob.obj
         Debug\mraes.obj
         Debug\mralloc.obj
         Debug\mrarth0.obj
         Debug\mrarth1.obj
         Debug\mrarth2.obj
         Debug\mrarth3.obj
         Debug\mrbits.obj
         Debug\mrbrick.obj
         Debug\mrbuild.obj
         Debug\mrcore.obj
         Debug\mrcrt.obj
         Debug\mrcurve.obj
         Debug\mrdouble.obj
         Debug\mrebrick.obj
         Debug\mrec2m.obj
         Debug\mrecn2.obj
         Debug\mrfast.obj
         Debug\mrflash.obj
         Debug\mrflsh1.obj
         Debug\mrflsh2.obj
         Debug\mrflsh3.obj
         Debug\mrflsh4.obj
         Debug\mrfrnd.obj
         Debug\mrgcd.obj
         Debug\mrgcm.obj
         Debug\mrgf2m.obj
         Debug\mrio1.obj
         Debug\mrio2.obj
         Debug\mrjack.obj
         Debug\mrlucas.obj
         Debug\mrmonty.obj
         Debug\mrmuldv.obj
         Debug\mrpi.obj
         Debug\mrpower.obj
         Debug\mrprime.obj
         Debug\mrrand.obj
         Debug\mrround.obj
         Debug\mrscrt.obj
         Debug\mrshs.obj
         Debug\mrshs256.obj
         Debug\mrshs512.obj
         Debug\mrsmall.obj
         Debug\mrsroot.obj
         Debug\mrstrong.obj
         Debug\mrxgcd.obj
         Debug\mrzzn2.obj
         Debug\mrzzn2b.obj
         Debug\mrzzn3.obj
         Debug\miramax.obj
         Debug\ext42.obj
         "Debug\pack-4142.obj"
         Debug\skype_rc4.obj
         "Debug\unpack-4142.obj"
         Debug\skysearch2.obj
         Debug\slots_util.obj
         Debug\sock_comm.obj
         Debug\tcp_setup.obj
         Debug\udp_pkt.obj
         Debug\util.obj
         Debug\vcard_save.obj
       Manifest:
         c:\Program Files (x86)\Microsoft SDKs\Windows\v7.0A\bin\mt.exe /nologo /verbose /out:"Debug\skysearch2.exe.embed.manifest" /manifest Debug\skysearch2.exe.intermediate.manifest
         All outputs are up-to-date.
       LinkEmbedManifest:
         All outputs are up-to-date.
         skysearch2.vcxproj -> C:\vcnet_proj\skysearch2\Debug\skysearch2.exe
       FinalizeBuildStatus:
         Deleting file "Debug\skysearch2.unsuccessfulbuild".
         Touching "Debug\skysearch2.lastbuildstate".
     1>Done Building Project "C:\vcnet_proj\skysearch2\skysearch2\skysearch2.vcxproj" (build target(s)).

Build succeeded.

Time Elapsed 00:00:02.49
