C:\VCNET_PROJ\SKYSEARCH2\DEBUG\SKYSEARCH2.EXE
C:\VCNET_PROJ\SKYSEARCH2\DEBUG\SKYSEARCH2.ILK
C:\VCNET_PROJ\SKYSEARCH2\DEBUG\SKYSEARCH2.PDB
C:\VCNET_PROJ\SKYSEARCH2\SKYSEARCH2\DEBUG\BLOB_SNODE1.OBJ
C:\vcnet_proj\skysearch2\skysearch2\Debug\cl.command.1.tlog
C:\vcnet_proj\skysearch2\skysearch2\Debug\CL.read.1.tlog
C:\vcnet_proj\skysearch2\skysearch2\Debug\CL.write.1.tlog
C:\VCNET_PROJ\SKYSEARCH2\SKYSEARCH2\DEBUG\DECODE_PROFILE.OBJ
C:\VCNET_PROJ\SKYSEARCH2\SKYSEARCH2\DEBUG\DECODE_PROFILE2.OBJ
C:\VCNET_PROJ\SKYSEARCH2\SKYSEARCH2\DEBUG\DH_384.OBJ
C:\VCNET_PROJ\SKYSEARCH2\SKYSEARCH2\DEBUG\EXT42.OBJ
C:\VCNET_PROJ\SKYSEARCH2\SKYSEARCH2\DEBUG\GET_BLOB.OBJ
C:\vcnet_proj\skysearch2\skysearch2\Debug\link.704.read.1.tlog
C:\vcnet_proj\skysearch2\skysearch2\Debug\link.704.write.1.tlog
C:\vcnet_proj\skysearch2\skysearch2\Debug\link.704-cvtres.read.1.tlog
C:\vcnet_proj\skysearch2\skysearch2\Debug\link.704-cvtres.write.1.tlog
C:\vcnet_proj\skysearch2\skysearch2\Debug\link.command.1.tlog
C:\vcnet_proj\skysearch2\skysearch2\Debug\link.read.1.tlog
C:\vcnet_proj\skysearch2\skysearch2\Debug\link.write.1.tlog
C:\vcnet_proj\skysearch2\skysearch2\Debug\link-cvtres.read.1.tlog
C:\vcnet_proj\skysearch2\skysearch2\Debug\link-cvtres.write.1.tlog
C:\VCNET_PROJ\SKYSEARCH2\SKYSEARCH2\DEBUG\MD5.OBJ
C:\VCNET_PROJ\SKYSEARCH2\SKYSEARCH2\DEBUG\MIRAMAX.OBJ
C:\VCNET_PROJ\SKYSEARCH2\SKYSEARCH2\DEBUG\MRAES.OBJ
C:\VCNET_PROJ\SKYSEARCH2\SKYSEARCH2\DEBUG\MRALLOC.OBJ
C:\VCNET_PROJ\SKYSEARCH2\SKYSEARCH2\DEBUG\MRARTH0.OBJ
C:\VCNET_PROJ\SKYSEARCH2\SKYSEARCH2\DEBUG\MRARTH1.OBJ
C:\VCNET_PROJ\SKYSEARCH2\SKYSEARCH2\DEBUG\MRARTH2.OBJ
C:\VCNET_PROJ\SKYSEARCH2\SKYSEARCH2\DEBUG\MRARTH3.OBJ
C:\VCNET_PROJ\SKYSEARCH2\SKYSEARCH2\DEBUG\MRBITS.OBJ
C:\VCNET_PROJ\SKYSEARCH2\SKYSEARCH2\DEBUG\MRBRICK.OBJ
C:\VCNET_PROJ\SKYSEARCH2\SKYSEARCH2\DEBUG\MRBUILD.OBJ
C:\VCNET_PROJ\SKYSEARCH2\SKYSEARCH2\DEBUG\MRCORE.OBJ
C:\VCNET_PROJ\SKYSEARCH2\SKYSEARCH2\DEBUG\MRCRT.OBJ
C:\VCNET_PROJ\SKYSEARCH2\SKYSEARCH2\DEBUG\MRCURVE.OBJ
C:\VCNET_PROJ\SKYSEARCH2\SKYSEARCH2\DEBUG\MRDOUBLE.OBJ
C:\VCNET_PROJ\SKYSEARCH2\SKYSEARCH2\DEBUG\MREBRICK.OBJ
C:\VCNET_PROJ\SKYSEARCH2\SKYSEARCH2\DEBUG\MREC2M.OBJ
C:\VCNET_PROJ\SKYSEARCH2\SKYSEARCH2\DEBUG\MRECN2.OBJ
C:\VCNET_PROJ\SKYSEARCH2\SKYSEARCH2\DEBUG\MRFAST.OBJ
C:\VCNET_PROJ\SKYSEARCH2\SKYSEARCH2\DEBUG\MRFLASH.OBJ
C:\VCNET_PROJ\SKYSEARCH2\SKYSEARCH2\DEBUG\MRFLSH1.OBJ
C:\VCNET_PROJ\SKYSEARCH2\SKYSEARCH2\DEBUG\MRFLSH2.OBJ
C:\VCNET_PROJ\SKYSEARCH2\SKYSEARCH2\DEBUG\MRFLSH3.OBJ
C:\VCNET_PROJ\SKYSEARCH2\SKYSEARCH2\DEBUG\MRFLSH4.OBJ
C:\VCNET_PROJ\SKYSEARCH2\SKYSEARCH2\DEBUG\MRFRND.OBJ
C:\VCNET_PROJ\SKYSEARCH2\SKYSEARCH2\DEBUG\MRGCD.OBJ
C:\VCNET_PROJ\SKYSEARCH2\SKYSEARCH2\DEBUG\MRGCM.OBJ
C:\VCNET_PROJ\SKYSEARCH2\SKYSEARCH2\DEBUG\MRGF2M.OBJ
C:\VCNET_PROJ\SKYSEARCH2\SKYSEARCH2\DEBUG\MRIO1.OBJ
C:\VCNET_PROJ\SKYSEARCH2\SKYSEARCH2\DEBUG\MRIO2.OBJ
C:\VCNET_PROJ\SKYSEARCH2\SKYSEARCH2\DEBUG\MRJACK.OBJ
C:\VCNET_PROJ\SKYSEARCH2\SKYSEARCH2\DEBUG\MRLUCAS.OBJ
C:\VCNET_PROJ\SKYSEARCH2\SKYSEARCH2\DEBUG\MRMONTY.OBJ
C:\VCNET_PROJ\SKYSEARCH2\SKYSEARCH2\DEBUG\MRMULDV.OBJ
C:\VCNET_PROJ\SKYSEARCH2\SKYSEARCH2\DEBUG\MRPI.OBJ
C:\VCNET_PROJ\SKYSEARCH2\SKYSEARCH2\DEBUG\MRPOWER.OBJ
C:\VCNET_PROJ\SKYSEARCH2\SKYSEARCH2\DEBUG\MRPRIME.OBJ
C:\VCNET_PROJ\SKYSEARCH2\SKYSEARCH2\DEBUG\MRRAND.OBJ
C:\VCNET_PROJ\SKYSEARCH2\SKYSEARCH2\DEBUG\MRROUND.OBJ
C:\VCNET_PROJ\SKYSEARCH2\SKYSEARCH2\DEBUG\MRSCRT.OBJ
C:\VCNET_PROJ\SKYSEARCH2\SKYSEARCH2\DEBUG\MRSHS.OBJ
C:\VCNET_PROJ\SKYSEARCH2\SKYSEARCH2\DEBUG\MRSHS256.OBJ
C:\VCNET_PROJ\SKYSEARCH2\SKYSEARCH2\DEBUG\MRSHS512.OBJ
C:\VCNET_PROJ\SKYSEARCH2\SKYSEARCH2\DEBUG\MRSMALL.OBJ
C:\VCNET_PROJ\SKYSEARCH2\SKYSEARCH2\DEBUG\MRSROOT.OBJ
C:\VCNET_PROJ\SKYSEARCH2\SKYSEARCH2\DEBUG\MRSTRONG.OBJ
C:\VCNET_PROJ\SKYSEARCH2\SKYSEARCH2\DEBUG\MRXGCD.OBJ
C:\VCNET_PROJ\SKYSEARCH2\SKYSEARCH2\DEBUG\MRZZN2.OBJ
C:\VCNET_PROJ\SKYSEARCH2\SKYSEARCH2\DEBUG\MRZZN2B.OBJ
C:\VCNET_PROJ\SKYSEARCH2\SKYSEARCH2\DEBUG\MRZZN3.OBJ
C:\vcnet_proj\skysearch2\skysearch2\Debug\mt.command.1.tlog
C:\vcnet_proj\skysearch2\skysearch2\Debug\mt.read.1.tlog
C:\vcnet_proj\skysearch2\skysearch2\Debug\mt.write.1.tlog
C:\VCNET_PROJ\SKYSEARCH2\SKYSEARCH2\DEBUG\PACK-4142.OBJ
C:\vcnet_proj\skysearch2\skysearch2\Debug\rc.command.1.tlog
C:\vcnet_proj\skysearch2\skysearch2\Debug\rc.read.1.tlog
C:\vcnet_proj\skysearch2\skysearch2\Debug\rc.write.1.tlog
C:\VCNET_PROJ\SKYSEARCH2\SKYSEARCH2\DEBUG\RIJNDAEL.OBJ
C:\VCNET_PROJ\SKYSEARCH2\SKYSEARCH2\DEBUG\SHA1.OBJ
C:\VCNET_PROJ\SKYSEARCH2\SKYSEARCH2\DEBUG\SKYPE_RC4.OBJ
C:\VCNET_PROJ\SKYSEARCH2\SKYSEARCH2\DEBUG\SKYSEARCH2.EXE.EMBED.MANIFEST
C:\VCNET_PROJ\SKYSEARCH2\SKYSEARCH2\DEBUG\SKYSEARCH2.EXE.EMBED.MANIFEST.RES
C:\VCNET_PROJ\SKYSEARCH2\SKYSEARCH2\DEBUG\SKYSEARCH2.EXE.INTERMEDIATE.MANIFEST
C:\VCNET_PROJ\SKYSEARCH2\SKYSEARCH2\DEBUG\SKYSEARCH2.OBJ
C:\vcnet_proj\skysearch2\skysearch2\Debug\skysearch2_manifest.rc
C:\VCNET_PROJ\SKYSEARCH2\SKYSEARCH2\DEBUG\SLOTS_UTIL.OBJ
C:\VCNET_PROJ\SKYSEARCH2\SKYSEARCH2\DEBUG\SOCK_COMM.OBJ
C:\VCNET_PROJ\SKYSEARCH2\SKYSEARCH2\DEBUG\TCP_SETUP.OBJ
C:\VCNET_PROJ\SKYSEARCH2\SKYSEARCH2\DEBUG\UDP_PKT.OBJ
C:\VCNET_PROJ\SKYSEARCH2\SKYSEARCH2\DEBUG\UNPACK-4142.OBJ
C:\VCNET_PROJ\SKYSEARCH2\SKYSEARCH2\DEBUG\UTIL.OBJ
C:\vcnet_proj\skysearch2\skysearch2\Debug\vc100.idb
C:\VCNET_PROJ\SKYSEARCH2\SKYSEARCH2\DEBUG\VC100.PDB
C:\VCNET_PROJ\SKYSEARCH2\SKYSEARCH2\DEBUG\VCARD_SAVE.OBJ
